<?xml version="1.0" encoding="utf-8"?>
<TestRun id="ac6b7368-f088-4e38-9275-60c070d624a3" name="BrunoSilva@RM-8RM4BY3 2025-06-17 12:26:49" runUser="AzureAD\BrunoSilva" xmlns="http://microsoft.com/schemas/VisualStudio/TeamTest/2010">
  <Times creation="2025-06-17T12:26:49.8755658-05:00" queuing="2025-06-17T12:26:49.8755661-05:00" start="2025-06-17T12:26:48.6581895-05:00" finish="2025-06-17T12:26:49.8905621-05:00" />
  <TestSettings name="default" id="78c6b6fa-29a1-408e-a9c4-723d18532c65">
    <Deployment runDeploymentRoot="BrunoSilva_RM-8RM4BY3_2025-06-17_12_26_49" />
  </TestSettings>
  <Results>
    <UnitTestResult executionId="bfa4a2df-e404-47ce-8876-8e951f6f989b" testId="4f74a991-d890-bc0a-4793-026aa044837b" testName="Croupier.Tests.CroupierTests.DrawCardDrawsOnlyOneCard" computerName="RM-8RM4BY3" duration="00:00:00.0117080" startTime="2025-06-17T12:26:49.7475661-05:00" endTime="2025-06-17T12:26:49.7475662-05:00" testType="13cdc9d9-ddb5-4fa4-a97d-d965ccfc6d4b" outcome="Passed" testListId="8c84fa94-04c1-424b-9868-57a2d4851a1d" relativeResultsDirectory="bfa4a2df-e404-47ce-8876-8e951f6f989b" />
    <UnitTestResult executionId="f97984f1-6399-4555-aeeb-7aa494315d19" testId="9d2ee00f-f190-32b7-5ef9-2c5503fb7f8f" testName="Croupier.Tests.CroupierTests.NormalDeckContains52Cards" computerName="RM-8RM4BY3" duration="00:00:00.0118471" startTime="2025-06-17T12:26:49.7244390-05:00" endTime="2025-06-17T12:26:49.7244392-05:00" testType="13cdc9d9-ddb5-4fa4-a97d-d965ccfc6d4b" outcome="Passed" testListId="8c84fa94-04c1-424b-9868-57a2d4851a1d" relativeResultsDirectory="f97984f1-6399-4555-aeeb-7aa494315d19" />
    <UnitTestResult executionId="07a786a0-ce17-49d5-bcb6-34ab04a0c64a" testId="936752f3-9fa4-e682-e9dd-c81b95bb96b6" testName="Croupier.Tests.CroupierTests.ShufflerReallyShuffles" computerName="RM-8RM4BY3" duration="00:00:00.1304044" startTime="2025-06-17T12:26:49.6529911-05:00" endTime="2025-06-17T12:26:49.6530033-05:00" testType="13cdc9d9-ddb5-4fa4-a97d-d965ccfc6d4b" outcome="Passed" testListId="8c84fa94-04c1-424b-9868-57a2d4851a1d" relativeResultsDirectory="07a786a0-ce17-49d5-bcb6-34ab04a0c64a" />
    <UnitTestResult executionId="97bf5763-a489-4ef7-b5cc-3748936e25a8" testId="226d5946-baf1-6506-ddc7-4e01877606ea" testName="Croupier.Tests.CroupierTests.DrawingAllCardsEmptiesDeck" computerName="RM-8RM4BY3" duration="00:00:00.0241093" startTime="2025-06-17T12:26:49.6857988-05:00" endTime="2025-06-17T12:26:49.6857992-05:00" testType="13cdc9d9-ddb5-4fa4-a97d-d965ccfc6d4b" outcome="Failed" testListId="8c84fa94-04c1-424b-9868-57a2d4851a1d" relativeResultsDirectory="97bf5763-a489-4ef7-b5cc-3748936e25a8">
      <Output>
        <ErrorInfo>
          <Message>Assert.Null() Failure&#xD;
Expected: (null)&#xD;
Actual:   2S</Message>
          <StackTrace>   at Croupier.Tests.CroupierTests.DrawingAllCardsEmptiesDeck() in C:\git\Croupier\Croupier.Tests\CroupierTests.cs:line 148&#xD;
--- End of stack trace from previous location ---</StackTrace>
        </ErrorInfo>
      </Output>
    </UnitTestResult>
    <UnitTestResult executionId="39cbebd2-e689-45a2-a5a6-f7e17fbcc20f" testId="bc389c86-95f2-56a2-8c3f-588e37d9d178" testName="Croupier.Tests.CroupierTests.DrawCardDrawsCardOnTopOfDeck" computerName="RM-8RM4BY3" duration="00:00:00.0116062" startTime="2025-06-17T12:26:49.7357424-05:00" endTime="2025-06-17T12:26:49.7357425-05:00" testType="13cdc9d9-ddb5-4fa4-a97d-d965ccfc6d4b" outcome="Passed" testListId="8c84fa94-04c1-424b-9868-57a2d4851a1d" relativeResultsDirectory="39cbebd2-e689-45a2-a5a6-f7e17fbcc20f" />
    <UnitTestResult executionId="fc8a18af-b7da-459d-8dd3-85bbc6d2a51b" testId="28532d74-e399-4ef0-7be6-95e7edcbed42" testName="Croupier.Tests.CroupierTests.MultipleDeckContainsCorrectNumberOfCards" computerName="RM-8RM4BY3" duration="00:00:00.0123178" startTime="2025-06-17T12:26:49.7600053-05:00" endTime="2025-06-17T12:26:49.7600054-05:00" testType="13cdc9d9-ddb5-4fa4-a97d-d965ccfc6d4b" outcome="Passed" testListId="8c84fa94-04c1-424b-9868-57a2d4851a1d" relativeResultsDirectory="fc8a18af-b7da-459d-8dd3-85bbc6d2a51b" />
    <UnitTestResult executionId="016116e5-442c-409b-a99e-ec403f3a09b5" testId="3369af1c-e9ca-bebb-79c6-00bd1af362ef" testName="Croupier.Tests.CroupierTests.NewGameIdLengthEqualsEight" computerName="RM-8RM4BY3" duration="00:00:00.0127235" startTime="2025-06-17T12:26:49.7120753-05:00" endTime="2025-06-17T12:26:49.7120754-05:00" testType="13cdc9d9-ddb5-4fa4-a97d-d965ccfc6d4b" outcome="Passed" testListId="8c84fa94-04c1-424b-9868-57a2d4851a1d" relativeResultsDirectory="016116e5-442c-409b-a99e-ec403f3a09b5" />
    <UnitTestResult executionId="4a6f3b2d-528a-4374-97fd-8e01ffaea53d" testId="55d9431b-d75a-b49a-a9ae-b74b239b906a" testName="Croupier.Tests.CroupierTests.DrawCardRemovesCardFromDeck" computerName="RM-8RM4BY3" duration="00:00:00.0163308" startTime="2025-06-17T12:26:49.6992510-05:00" endTime="2025-06-17T12:26:49.6992511-05:00" testType="13cdc9d9-ddb5-4fa4-a97d-d965ccfc6d4b" outcome="Passed" testListId="8c84fa94-04c1-424b-9868-57a2d4851a1d" relativeResultsDirectory="4a6f3b2d-528a-4374-97fd-8e01ffaea53d" />
    <UnitTestResult executionId="c5e03c5c-9bf4-4fd8-9c77-bb9d9a60a99d" testId="05c769be-168f-8b17-063c-1f1e2f514764" testName="Croupier.Tests.CroupierTests.NewGameReturnsId" computerName="RM-8RM4BY3" duration="00:00:00.0207256" startTime="2025-06-17T12:26:49.7808365-05:00" endTime="2025-06-17T12:26:49.7808367-05:00" testType="13cdc9d9-ddb5-4fa4-a97d-d965ccfc6d4b" outcome="Passed" testListId="8c84fa94-04c1-424b-9868-57a2d4851a1d" relativeResultsDirectory="c5e03c5c-9bf4-4fd8-9c77-bb9d9a60a99d" />
  </Results>
  <TestDefinitions>
    <UnitTest name="Croupier.Tests.CroupierTests.ShufflerReallyShuffles" storage="c:\git\croupier\croupier.tests\bin\debug\net8.0\croupier.tests.dll" id="936752f3-9fa4-e682-e9dd-c81b95bb96b6">
      <Execution id="07a786a0-ce17-49d5-bcb6-34ab04a0c64a" />
      <TestMethod codeBase="C:\git\Croupier\Croupier.Tests\bin\Debug\net8.0\Croupier.Tests.dll" adapterTypeName="executor://xunit/VsTestRunner2/netcoreapp" className="Croupier.Tests.CroupierTests" name="ShufflerReallyShuffles" />
    </UnitTest>
    <UnitTest name="Croupier.Tests.CroupierTests.NewGameReturnsId" storage="c:\git\croupier\croupier.tests\bin\debug\net8.0\croupier.tests.dll" id="05c769be-168f-8b17-063c-1f1e2f514764">
      <Execution id="c5e03c5c-9bf4-4fd8-9c77-bb9d9a60a99d" />
      <TestMethod codeBase="C:\git\Croupier\Croupier.Tests\bin\Debug\net8.0\Croupier.Tests.dll" adapterTypeName="executor://xunit/VsTestRunner2/netcoreapp" className="Croupier.Tests.CroupierTests" name="NewGameReturnsId" />
    </UnitTest>
    <UnitTest name="Croupier.Tests.CroupierTests.DrawCardDrawsCardOnTopOfDeck" storage="c:\git\croupier\croupier.tests\bin\debug\net8.0\croupier.tests.dll" id="bc389c86-95f2-56a2-8c3f-588e37d9d178">
      <Execution id="39cbebd2-e689-45a2-a5a6-f7e17fbcc20f" />
      <TestMethod codeBase="C:\git\Croupier\Croupier.Tests\bin\Debug\net8.0\Croupier.Tests.dll" adapterTypeName="executor://xunit/VsTestRunner2/netcoreapp" className="Croupier.Tests.CroupierTests" name="DrawCardDrawsCardOnTopOfDeck" />
    </UnitTest>
    <UnitTest name="Croupier.Tests.CroupierTests.NormalDeckContains52Cards" storage="c:\git\croupier\croupier.tests\bin\debug\net8.0\croupier.tests.dll" id="9d2ee00f-f190-32b7-5ef9-2c5503fb7f8f">
      <Execution id="f97984f1-6399-4555-aeeb-7aa494315d19" />
      <TestMethod codeBase="C:\git\Croupier\Croupier.Tests\bin\Debug\net8.0\Croupier.Tests.dll" adapterTypeName="executor://xunit/VsTestRunner2/netcoreapp" className="Croupier.Tests.CroupierTests" name="NormalDeckContains52Cards" />
    </UnitTest>
    <UnitTest name="Croupier.Tests.CroupierTests.NewGameIdLengthEqualsEight" storage="c:\git\croupier\croupier.tests\bin\debug\net8.0\croupier.tests.dll" id="3369af1c-e9ca-bebb-79c6-00bd1af362ef">
      <Execution id="016116e5-442c-409b-a99e-ec403f3a09b5" />
      <TestMethod codeBase="C:\git\Croupier\Croupier.Tests\bin\Debug\net8.0\Croupier.Tests.dll" adapterTypeName="executor://xunit/VsTestRunner2/netcoreapp" className="Croupier.Tests.CroupierTests" name="NewGameIdLengthEqualsEight" />
    </UnitTest>
    <UnitTest name="Croupier.Tests.CroupierTests.DrawCardRemovesCardFromDeck" storage="c:\git\croupier\croupier.tests\bin\debug\net8.0\croupier.tests.dll" id="55d9431b-d75a-b49a-a9ae-b74b239b906a">
      <Execution id="4a6f3b2d-528a-4374-97fd-8e01ffaea53d" />
      <TestMethod codeBase="C:\git\Croupier\Croupier.Tests\bin\Debug\net8.0\Croupier.Tests.dll" adapterTypeName="executor://xunit/VsTestRunner2/netcoreapp" className="Croupier.Tests.CroupierTests" name="DrawCardRemovesCardFromDeck" />
    </UnitTest>
    <UnitTest name="Croupier.Tests.CroupierTests.DrawingAllCardsEmptiesDeck" storage="c:\git\croupier\croupier.tests\bin\debug\net8.0\croupier.tests.dll" id="226d5946-baf1-6506-ddc7-4e01877606ea">
      <Execution id="97bf5763-a489-4ef7-b5cc-3748936e25a8" />
      <TestMethod codeBase="C:\git\Croupier\Croupier.Tests\bin\Debug\net8.0\Croupier.Tests.dll" adapterTypeName="executor://xunit/VsTestRunner2/netcoreapp" className="Croupier.Tests.CroupierTests" name="DrawingAllCardsEmptiesDeck" />
    </UnitTest>
    <UnitTest name="Croupier.Tests.CroupierTests.DrawCardDrawsOnlyOneCard" storage="c:\git\croupier\croupier.tests\bin\debug\net8.0\croupier.tests.dll" id="4f74a991-d890-bc0a-4793-026aa044837b">
      <Execution id="bfa4a2df-e404-47ce-8876-8e951f6f989b" />
      <TestMethod codeBase="C:\git\Croupier\Croupier.Tests\bin\Debug\net8.0\Croupier.Tests.dll" adapterTypeName="executor://xunit/VsTestRunner2/netcoreapp" className="Croupier.Tests.CroupierTests" name="DrawCardDrawsOnlyOneCard" />
    </UnitTest>
    <UnitTest name="Croupier.Tests.CroupierTests.MultipleDeckContainsCorrectNumberOfCards" storage="c:\git\croupier\croupier.tests\bin\debug\net8.0\croupier.tests.dll" id="28532d74-e399-4ef0-7be6-95e7edcbed42">
      <Execution id="fc8a18af-b7da-459d-8dd3-85bbc6d2a51b" />
      <TestMethod codeBase="C:\git\Croupier\Croupier.Tests\bin\Debug\net8.0\Croupier.Tests.dll" adapterTypeName="executor://xunit/VsTestRunner2/netcoreapp" className="Croupier.Tests.CroupierTests" name="MultipleDeckContainsCorrectNumberOfCards" />
    </UnitTest>
  </TestDefinitions>
  <TestEntries>
    <TestEntry testId="4f74a991-d890-bc0a-4793-026aa044837b" executionId="bfa4a2df-e404-47ce-8876-8e951f6f989b" testListId="8c84fa94-04c1-424b-9868-57a2d4851a1d" />
    <TestEntry testId="9d2ee00f-f190-32b7-5ef9-2c5503fb7f8f" executionId="f97984f1-6399-4555-aeeb-7aa494315d19" testListId="8c84fa94-04c1-424b-9868-57a2d4851a1d" />
    <TestEntry testId="936752f3-9fa4-e682-e9dd-c81b95bb96b6" executionId="07a786a0-ce17-49d5-bcb6-34ab04a0c64a" testListId="8c84fa94-04c1-424b-9868-57a2d4851a1d" />
    <TestEntry testId="226d5946-baf1-6506-ddc7-4e01877606ea" executionId="97bf5763-a489-4ef7-b5cc-3748936e25a8" testListId="8c84fa94-04c1-424b-9868-57a2d4851a1d" />
    <TestEntry testId="bc389c86-95f2-56a2-8c3f-588e37d9d178" executionId="39cbebd2-e689-45a2-a5a6-f7e17fbcc20f" testListId="8c84fa94-04c1-424b-9868-57a2d4851a1d" />
    <TestEntry testId="28532d74-e399-4ef0-7be6-95e7edcbed42" executionId="fc8a18af-b7da-459d-8dd3-85bbc6d2a51b" testListId="8c84fa94-04c1-424b-9868-57a2d4851a1d" />
    <TestEntry testId="3369af1c-e9ca-bebb-79c6-00bd1af362ef" executionId="016116e5-442c-409b-a99e-ec403f3a09b5" testListId="8c84fa94-04c1-424b-9868-57a2d4851a1d" />
    <TestEntry testId="55d9431b-d75a-b49a-a9ae-b74b239b906a" executionId="4a6f3b2d-528a-4374-97fd-8e01ffaea53d" testListId="8c84fa94-04c1-424b-9868-57a2d4851a1d" />
    <TestEntry testId="05c769be-168f-8b17-063c-1f1e2f514764" executionId="c5e03c5c-9bf4-4fd8-9c77-bb9d9a60a99d" testListId="8c84fa94-04c1-424b-9868-57a2d4851a1d" />
  </TestEntries>
  <TestLists>
    <TestList name="Results Not in a List" id="8c84fa94-04c1-424b-9868-57a2d4851a1d" />
    <TestList name="All Loaded Results" id="19431567-8539-422a-85d7-44ee4e166bda" />
  </TestLists>
  <ResultSummary outcome="Failed">
    <Counters total="9" executed="9" passed="8" failed="1" error="0" timeout="0" aborted="0" inconclusive="0" passedButRunAborted="0" notRunnable="0" notExecuted="0" disconnected="0" warning="0" completed="0" inProgress="0" pending="0" />
    <Output>
      <StdOut>[xUnit.net 00:00:00.00] xUnit.net VSTest Adapter v2.4.5+1caef2f33e (64-bit .NET 8.0.16)&#xD;
[xUnit.net 00:00:00.43]   Discovering: Croupier.Tests&#xD;
[xUnit.net 00:00:00.45]   Discovered:  Croupier.Tests&#xD;
[xUnit.net 00:00:00.45]   Starting:    Croupier.Tests&#xD;
[]&#xD;
[xUnit.net 00:00:00.65]       Assert.Null() Failure&#xD;
[xUnit.net 00:00:00.65]       Expected: (null)&#xD;
[xUnit.net 00:00:00.65]       Actual:   2S&#xD;
[xUnit.net 00:00:00.65]       Stack Trace:&#xD;
[xUnit.net 00:00:00.65]         C:\git\Croupier\Croupier.Tests\CroupierTests.cs(148,0): at Croupier.Tests.CroupierTests.DrawingAllCardsEmptiesDeck()&#xD;
[xUnit.net 00:00:00.65]         --- End of stack trace from previous location ---&#xD;
[xUnit.net 00:00:00.75]   Finished:    Croupier.Tests&#xD;
</StdOut>
    </Output>
    <RunInfos>
      <RunInfo computerName="RM-8RM4BY3" outcome="Error" timestamp="2025-06-17T12:26:49.6846585-05:00">
        <Text>[xUnit.net 00:00:00.65]     Croupier.Tests.CroupierTests.DrawingAllCardsEmptiesDeck [FAIL]</Text>
      </RunInfo>
    </RunInfos>
  </ResultSummary>
</TestRun>